<?xml version="1.0" encoding="UTF-8"?>
<!-- Generated by org.testng.reporters.JUnitReportReporter -->
<testsuite hostname="LAPTOP-DPKV436U" failures="0" tests="1" name="demoGittt.Samgit" time="0.006" errors="0" timestamp="2022-03-15T08:08:03 IST" skipped="0">
  <testcase classname="demoGittt.Samgit" name="demo" time="0.006"/>
  <system-out/>
</testsuite> <!-- demoGittt.Samgit -->
