<?xml version="1.0" encoding="UTF-8"?>
<!-- Generated by org.testng.reporters.JUnitReportReporter -->
<testsuite skipped="0" hostname="DESKTOP-NOU9GCV" name="demoGittt.Demoo" tests="1" failures="0" timestamp="13 Mar 2022 14:23:53 GMT" time="0.041" errors="0">
  <testcase name="demo" time="0.041" classname="demoGittt.Demoo"/>
</testsuite> <!-- demoGittt.Demoo -->
